number,value,datetime_start,datetime_complete,duration,params_colsample_bytree,params_gamma,params_learning_rate,params_max_depth,params_min_child_weight,params_n_estimators,params_reg_alpha,params_reg_lambda,params_subsample,state
0,0.3604259043941278,2026-03-11 19:31:23.277746,2026-03-11 19:31:25.568718,0 days 00:00:02.290972,0.662397808134481,0.2904180608409973,0.17254716573280354,7,6.009974718380312,550,0.004042872735027332,2.9154431891537547,0.6624074561769746,COMPLETE
1,0.3895531029625111,2026-03-11 19:31:25.569719,2026-03-11 19:31:29.795440,0 days 00:00:04.225721,0.6727299868828402,0.9170225492671691,0.010636066512540286,8,12.10689693600216,900,0.0014077923139972403,0.016480446427978974,0.6849356442713105,COMPLETE
2,0.3902353603271939,2026-03-11 19:31:29.795440,2026-03-11 19:31:31.900089,0 days 00:00:02.104649,0.7465447373174767,2.28034992108518,0.023927528765580644,6,1.5187479226722465,650,1.5777663630582448e-05,1.382623217936987,0.7168578594140873,COMPLETE
3,0.3954870966324228,2026-03-11 19:31:31.901090,2026-03-11 19:31:33.247082,0 days 00:00:01.345992,0.6260206371941118,4.7444276862666666,0.05898602410432694,2,6.172115948107071,700,0.07085721663941602,7.2866537374910445,0.6682096494749166,COMPLETE
4,0.38833467188261706,2026-03-11 19:31:33.247082,2026-03-11 19:31:35.620257,0 days 00:00:02.373175,0.798070764044508,0.17194260557609198,0.013399060561509796,6,3.738105868191796,500,3.5700959600309506e-05,4.337920697490942,0.6488152939379115,COMPLETE
5,0.3959369411591143,2026-03-11 19:31:35.620257,2026-03-11 19:31:37.865531,0 days 00:00:02.245274,0.9878338511058234,3.8756641168055728,0.02544166090938368,5,5.143828405076927,850,0.2338643925620872,5.727904470799623,0.6739417822102108,COMPLETE
6,0.36948320824535064,2026-03-11 19:31:37.865531,2026-03-11 19:31:39.393503,0 days 00:00:01.527972,0.7301321323053057,1.9433864484474102,0.15826541904647565,2,1.7987863473362906,800,0.09384800715909536,0.01217295809836997,0.6180909155642152,COMPLETE
7,0.41033826524470635,2026-03-11 19:31:39.394503,2026-03-11 19:31:40.716732,0 days 00:00:01.322229,0.6298202574719083,4.9344346830025865,0.023200867504756827,5,1.5252697030515172,550,1.5570196345516602e-05,1.2273800987852967,0.9208787923016158,COMPLETE
8,0.38033566654684126,2026-03-11 19:31:40.716732,2026-03-11 19:31:41.367516,0 days 00:00:00.650784,0.6296178606936361,1.7923286427213632,0.11506408247250169,6,8.880965698768717,200,0.15087613675681671,0.0029072088906598446,0.9085081386743783,COMPLETE
9,0.3960930346096576,2026-03-11 19:31:41.368517,2026-03-11 19:31:42.982785,0 days 00:00:01.614268,0.8918424713352255,3.1877873567760657,0.026946865572417687,2,2.5386178456500557,850,0.0006812233896860299,3.53875886477924,0.7300733288106989,COMPLETE
10,0.4086341547372666,2026-03-11 19:31:42.983789,2026-03-11 19:31:44.550179,0 days 00:00:01.566390,0.876098829427658,4.865188803848124,0.06254517730997457,4,1.0552829926879401,1150,1.7329963039072036e-06,0.313569713135636,0.9924283304357215,COMPLETE
11,0.4149885015540734,2026-03-11 19:31:44.551181,2026-03-11 19:31:46.341315,0 days 00:00:01.790134,0.8810796931031994,4.835968465735538,0.056309763043883326,4,1.0755591078043292,1200,1.0666978609894524e-06,0.2916399115521992,0.9962928066797128,COMPLETE
12,0.4062845744344196,2026-03-11 19:31:46.342818,2026-03-11 19:31:48.333355,0 days 00:00:01.990537,0.887098392707996,3.8596200619003547,0.04042271085612354,4,1.0218187491849875,1150,1.0438622618911357e-06,0.21600861053923426,0.9048567471031802,COMPLETE
13,0.4074381994087126,2026-03-11 19:31:48.334355,2026-03-11 19:31:48.990895,0 days 00:00:00.656540,0.9523656395806502,4.060996943297696,0.09134025383040516,4,19.96183719362055,350,2.2072033947375457e-05,0.5661324486824431,0.9942603012292255,COMPLETE
14,0.40093183462757,2026-03-11 19:31:48.990895,2026-03-11 19:31:50.771054,0 days 00:00:01.780159,0.8124496121405841,3.230258295337462,0.03716084191904715,3,2.6274194671093554,1000,0.0001134075831201766,0.06848340066415298,0.898621563278761,COMPLETE
15,0.4118422220185988,2026-03-11 19:31:50.772557,2026-03-11 19:31:51.965508,0 days 00:00:01.192951,0.8158507823291801,4.897127958863722,0.016976737385213242,5,1.617382264824003,450,4.256775901903184e-06,0.04303234469727149,0.8354320660151731,COMPLETE
16,0.41309704052331586,2026-03-11 19:31:51.966509,2026-03-11 19:31:52.933689,0 days 00:00:00.967180,0.8307796695558711,3.1424899745419905,0.015384671546585056,3,2.257661227708774,350,3.596578771556287e-06,0.039485723225536305,0.8186275927334242,COMPLETE
17,0.3872418475187528,2026-03-11 19:31:52.934690,2026-03-11 19:31:53.648704,0 days 00:00:00.714014,0.9297710084624351,3.1370991330748383,0.061983056586556604,3,2.8060003904958606,250,0.00017322416287878658,0.0013970734935405218,0.8029967056557425,COMPLETE
18,0.39568054381987483,2026-03-11 19:31:53.648704,2026-03-11 19:31:55.954786,0 days 00:00:02.306082,0.8546396554602936,1.2390159213383305,0.015410501180994867,3,2.0157962814946355,1000,4.439781302440798e-06,0.023670263034943753,0.8474060550555969,COMPLETE
19,0.372549134923179,2026-03-11 19:31:55.954786,2026-03-11 19:31:56.917684,0 days 00:00:00.962898,0.7387674037983286,2.7128866027301815,0.07998989008533844,3,3.6463632721692805,400,3.468265732582082e-06,0.1441746786786599,0.7640881690357239,COMPLETE
20,0.42165328093121823,2026-03-11 19:31:56.917684,2026-03-11 19:31:57.721859,0 days 00:00:00.804175,0.9312680351307561,4.276015159576904,0.03338917155187301,4,1.1934225792933661,300,0.019967075421978536,0.005038885802047372,0.9656480525002863,COMPLETE
21,0.41418460545669866,2026-03-11 19:31:57.721859,2026-03-11 19:31:58.453797,0 days 00:00:00.731938,0.9306199855339401,4.218050026171713,0.03524455120746147,4,1.3316102820395017,300,0.018127275777599795,0.0026465747469632287,0.9641483875889174,COMPLETE
22,0.41583300515361526,2026-03-11 19:31:58.453797,2026-03-11 19:31:59.187408,0 days 00:00:00.733611,0.9289133433450543,4.258194016164953,0.034545851340761075,4,1.3085277872360896,300,0.010951315369249932,0.004663006383783326,0.9572467375634809,COMPLETE
23,0.4164528050078041,2026-03-11 19:31:59.188409,2026-03-11 19:31:59.821047,0 days 00:00:00.632638,0.9989526092016072,4.443301358040419,0.04468085303718679,4,1.1665044625737575,200,0.01734787482868419,0.0042399887892659565,0.9520104938890753,COMPLETE
24,0.40476999765155375,2026-03-11 19:31:59.821047,2026-03-11 19:32:00.525453,0 days 00:00:00.704406,0.9872862975734061,4.416860695555195,0.030009145823805785,5,1.195633980463229,200,0.017339442098224443,0.006547114393603029,0.9525223817053685,COMPLETE
25,0.3974940745764667,2026-03-11 19:32:00.526456,2026-03-11 19:32:01.527913,0 days 00:00:01.001457,0.959546830318988,3.5957614374313356,0.049012399760298316,5,1.339776139613647,300,0.6185221658586366,0.005994742470405484,0.8688392174361135,COMPLETE
26,0.41641313883610137,2026-03-11 19:32:01.527913,2026-03-11 19:32:02.275827,0 days 00:00:00.747914,0.996391065514728,4.305473715264699,0.019657603958799067,4,1.8986409896609961,200,0.017139207059674925,0.0012627412886924531,0.9465317028483375,COMPLETE
27,0.4154530260770956,2026-03-11 19:32:02.276828,2026-03-11 19:32:03.081194,0 days 00:00:00.804366,0.9925704677742901,3.591962590156754,0.020089599676088143,4,1.8999136566220074,200,0.037701127928154166,0.0010265186490470135,0.9398160985811284,COMPLETE
28,0.41161377912943686,2026-03-11 19:32:03.082195,2026-03-11 19:32:04.045617,0 days 00:00:00.963422,0.9613547946228982,4.460067255012734,0.020474706896217703,3,3.3160571402109063,400,0.004453261523146443,0.002638255200440379,0.8722971823636438,COMPLETE
29,0.40070208078598357,2026-03-11 19:32:04.046620,2026-03-11 19:32:06.636578,0 days 00:00:02.589958,0.9977703873257537,2.773922714091569,0.010680858617372876,7,2.0883866230055528,600,0.003994358018122546,0.010282605453772305,0.87652348097131,COMPLETE
30,0.4070451379675138,2026-03-11 19:32:06.636578,2026-03-11 19:32:07.676750,0 days 00:00:01.040172,0.9142841379181685,3.6438667822292103,0.04640143022198487,6,1.733116643577841,450,0.00384377893839282,0.0015947944951582305,0.9678381778758314,COMPLETE
31,0.4179600516114757,2026-03-11 19:32:07.677750,2026-03-11 19:32:08.534601,0 days 00:00:00.856851,0.9638456556470667,4.405901111488138,0.030953029282712083,4,1.30412190011714,300,0.012560511760903685,0.005134491321191417,0.9366285880666245,COMPLETE
32,0.4156702345327504,2026-03-11 19:32:08.535602,2026-03-11 19:32:09.404501,0 days 00:00:00.868899,0.9661898941898132,4.54941316845814,0.03153432779863813,5,1.2737138342575458,250,0.0010230682067159606,0.003857483342202224,0.9279179537474694,COMPLETE
33,0.42112189213527473,2026-03-11 19:32:09.404501,2026-03-11 19:32:10.224514,0 days 00:00:00.820013,0.9667433510539367,4.009508046606849,0.020848435108580355,4,1.523123827926647,250,0.007767577800396392,0.00942015866890884,0.9792936774115915,COMPLETE
34,0.41854592870265606,2026-03-11 19:32:10.225515,2026-03-11 19:32:10.970208,0 days 00:00:00.744693,0.9047092720483375,4.034341245485125,0.044964271452287874,4,1.4863420055043122,350,0.0074886855193213794,0.019358917274305155,0.9755979817193956,COMPLETE
35,0.4155459683022732,2026-03-11 19:32:10.970208,2026-03-11 19:32:12.152627,0 days 00:00:01.182419,0.9064460828679733,3.9788562728595998,0.027015462651140867,5,1.4652231210579723,500,0.00045195425916746436,0.021083476699559137,0.9769527279722813,COMPLETE
36,0.4000302484497057,2026-03-11 19:32:12.153630,2026-03-11 19:32:12.955451,0 days 00:00:00.801821,0.780105571328708,3.5113141102557854,0.07495570570670877,8,3.1109815686180644,350,0.001827949552756827,0.008957009640226775,0.9232648081700798,COMPLETE
37,0.38497055365388866,2026-03-11 19:32:12.955451,2026-03-11 19:32:14.708559,0 days 00:00:01.753108,0.8500875499740606,0.5675986853847985,0.041247101015170845,3,7.416308240196734,700,0.03695048845915767,0.016374926870200365,0.8935105212751348,COMPLETE
38,0.40108970608084976,2026-03-11 19:32:14.708559,2026-03-11 19:32:16.245531,0 days 00:00:01.536972,0.9436274639169298,4.613215200684877,0.02320514606277991,7,4.453911655267328,600,0.007829362639271763,0.032835989545015425,0.9778536222958042,COMPLETE
39,0.4108470992425655,2026-03-11 19:32:16.245531,2026-03-11 19:32:17.202517,0 days 00:00:00.956986,0.9120017853146483,2.19531015929767,0.03007316808514496,2,2.2912552810708777,450,0.002034725147177849,0.07329724140838192,0.7692043209866886,COMPLETE
40,0.4119142352038331,2026-03-11 19:32:17.202517,2026-03-11 19:32:18.688331,0 days 00:00:01.485814,0.7111485732157405,3.8161382679686575,0.011299527639339882,6,1.64908083088296,400,0.05316737721063824,0.010865409188340088,0.9359303331849886,COMPLETE
41,0.4123158153433584,2026-03-11 19:32:18.689333,2026-03-11 19:32:19.236508,0 days 00:00:00.547175,0.9662130544812049,4.048258989908067,0.049079753336913126,4,1.1613294004281058,250,0.2463180233272958,0.006622158280161288,0.9997887952042019,COMPLETE
42,0.417206292424064,2026-03-11 19:32:19.237508,2026-03-11 19:32:19.889998,0 days 00:00:00.652490,0.9792075089833032,4.597590642580446,0.042464994181732406,4,1.4522952465987655,300,0.008762197099842073,0.015483964095260169,0.9752080324762202,COMPLETE
43,0.4139057643003895,2026-03-11 19:32:19.889998,2026-03-11 19:32:20.554637,0 days 00:00:00.664639,0.9408792712231936,4.698161935973028,0.054873113581754646,4,1.4966584687000024,300,0.00559080382058766,0.01408881455866696,0.9810853779190838,COMPLETE
44,0.4170961363121535,2026-03-11 19:32:20.554637,2026-03-11 19:32:21.531135,0 days 00:00:00.976498,0.9741624881545587,4.976827794973869,0.0382701615204123,5,1.0283745377940443,500,0.09505374536671742,0.024775794210981417,0.9160941169320143,COMPLETE
45,0.41822713318879706,2026-03-11 19:32:21.532638,2026-03-11 19:32:22.347760,0 days 00:00:00.815122,0.8646400536676021,4.15893649584901,0.027886262742194412,4,1.502570681180449,350,0.0027268216094375112,0.0021756426805423796,0.9724433742481827,COMPLETE
46,0.3996053989444096,2026-03-11 19:32:22.348762,2026-03-11 19:32:23.311069,0 days 00:00:00.962307,0.8624523499858157,4.161663707936088,0.02594577830789126,3,1.7575290093498686,350,0.00037987164564729685,0.00206961065426033,0.614316728017922,COMPLETE
47,0.3952320313122882,2026-03-11 19:32:23.311069,2026-03-11 19:32:25.265729,0 days 00:00:01.954660,0.9012940356121306,3.7873665322473733,0.022805507813402185,5,16.626524900718426,700,0.0024922250000137874,0.001913613137306435,0.6430665877040956,COMPLETE
48,0.4011295942583374,2026-03-11 19:32:25.265729,2026-03-11 19:32:26.853764,0 days 00:00:01.588035,0.8707075467647747,3.451854920533315,0.01826635012051614,5,9.928916080416338,550,0.04199640170620544,0.0071121132429425235,0.888558219106929,COMPLETE
49,0.4138085042587923,2026-03-11 19:32:26.853764,2026-03-11 19:32:27.845570,0 days 00:00:00.991806,0.8430673656434545,3.9897387218311184,0.030315094213408295,2,2.3916266357687923,400,0.0011935699728445575,0.004026065400130942,0.9344103717916837,COMPLETE
50,0.3805942950914297,2026-03-11 19:32:27.846571,2026-03-11 19:32:30.156461,0 days 00:00:02.309890,0.8952087355688775,3.3429356223880724,0.033218767350364574,4,5.029142224128313,800,0.023018389282141703,2.040397147377363,0.7125472634316611,COMPLETE
51,0.414577158447771,2026-03-11 19:32:30.157462,2026-03-11 19:32:30.862538,0 days 00:00:00.705076,0.9802571949807047,4.733310700041619,0.04095125622641267,4,1.4295897392019123,250,0.007716439711522629,0.015789101743980606,0.9791322064973162,COMPLETE
52,0.418073063433948,2026-03-11 19:32:30.863542,2026-03-11 19:32:31.681305,0 days 00:00:00.817763,0.94713321920538,4.321095775009339,0.027440485598602817,4,1.577155851010134,350,0.01063135213134296,0.0522503545534679,0.9655739734758291,COMPLETE
53,0.42305813848816776,2026-03-11 19:32:31.682306,2026-03-11 19:32:32.710879,0 days 00:00:01.028573,0.9401136212293578,4.2862679211015315,0.026772926478271418,3,1.1206806530220061,350,0.01205291253955844,0.06443995948400387,0.9577871789386775,COMPLETE
54,0.4260877553308894,2026-03-11 19:32:32.710879,2026-03-11 19:32:33.483310,0 days 00:00:00.772431,0.9209474986655836,2.937629425016044,0.027065388999467026,3,1.1188633895154094,350,0.09747027416118391,0.0549619050551649,0.9995187207156437,COMPLETE
55,0.41310151288265706,2026-03-11 19:32:33.484311,2026-03-11 19:32:34.614337,0 days 00:00:01.130026,0.9203722558309076,1.214432617863022,0.022922318095962454,3,1.012664275085093,450,0.13398477004261816,0.12418545193686126,0.9887929116793343,COMPLETE
56,0.41654225652924826,2026-03-11 19:32:34.615338,2026-03-11 19:32:35.621163,0 days 00:00:01.005825,0.884371783926139,2.7528342221674063,0.014135965908888411,2,1.1440890323678028,500,0.3670474967383562,0.07399716825478235,0.9966673105479551,COMPLETE
57,0.42003350587559957,2026-03-11 19:32:35.621163,2026-03-11 19:32:36.652396,0 days 00:00:01.031233,0.6056470054581535,2.9996081785268713,0.01712017563784788,3,1.1256705115098218,400,0.026116475001640303,0.2103944032805775,0.9646069942009444,COMPLETE
58,0.42266092353066415,2026-03-11 19:32:36.653399,2026-03-11 19:32:37.650607,0 days 00:00:00.997208,0.6798060271280157,2.4505506874281853,0.017126163490559586,3,1.2088699471496966,250,0.08865321208685983,0.17147911834736007,0.9577380314975809,COMPLETE
59,0.4158985001780179,2026-03-11 19:32:37.651608,2026-03-11 19:32:38.321297,0 days 00:00:00.669689,0.6089272118418988,2.36423423820676,0.012331082358478858,2,1.1626023110796009,250,0.07144370338290089,0.6158177170376128,0.9108405864370801,COMPLETE
