number,value,datetime_start,datetime_complete,duration,params_colsample_bytree,params_learning_rate,params_max_depth,params_min_child_samples,params_n_estimators,params_num_leaves,params_reg_alpha,params_reg_lambda,params_subsample,state
0,0.34439895881121346,2026-03-01 15:30:19.679060,2026-03-01 15:30:21.269074,0 days 00:00:01.590014,0.6232334448672797,0.17254716573280354,7,39,687,192,0.004042872735027332,2.9154431891537547,0.662397808134481,COMPLETE
1,0.3798423247697114,2026-03-01 15:30:21.271076,2026-03-01 15:30:23.882847,0 days 00:00:02.611771,0.6733618039413735,0.010636066512540286,10,50,1121,249,0.0014077923139972403,0.016480446427978974,0.6727299868828402,COMPLETE
2,0.38016672054588446,2026-03-01 15:30:23.883848,2026-03-01 15:30:25.455944,0 days 00:00:01.572096,0.7824279936868144,0.023927528765580644,0,65,761,163,1.5777663630582448e-05,1.382623217936987,0.7465447373174767,COMPLETE
3,0.35702992773343095,2026-03-01 15:30:25.456945,2026-03-01 15:30:27.146106,0 days 00:00:01.689161,0.9795542149013333,0.05898602410432694,7,42,869,27,0.07085721663941602,7.2866537374910445,0.6260206371941118,COMPLETE
4,0.40406500519264676,2026-03-01 15:30:27.147107,2026-03-01 15:30:28.240039,0 days 00:00:01.092932,0.6137554084460873,0.013399060561509796,5,33,596,180,3.5700959600309506e-05,4.337920697490942,0.798070764044508,COMPLETE
5,0.3760031497230465,2026-03-01 15:30:28.241040,2026-03-01 15:30:30.047810,0 days 00:00:01.806770,0.9100531293444458,0.02544166090938368,6,45,1061,141,0.2338643925620872,5.727904470799623,0.9878338511058234,COMPLETE
6,0.3938100734112525,2026-03-01 15:30:30.048811,2026-03-01 15:30:30.618074,0 days 00:00:00.569263,0.7554709158757928,0.15826541904647565,1,18,977,37,0.09384800715909536,0.01217295809836997,0.7301321323053057,COMPLETE
7,0.411115155281608,2026-03-01 15:30:30.619074,2026-03-01 15:30:31.398089,0 days 00:00:00.779015,0.9947547746402069,0.023200867504756827,0,163,664,146,1.5570196345516602e-05,1.2273800987852967,0.6298202574719083,COMPLETE
8,0.4052519745433226,2026-03-01 15:30:31.399090,2026-03-01 15:30:31.742008,0 days 00:00:00.342918,0.7433862914177091,0.11506408247250169,9,157,207,186,0.15087613675681671,0.0029072088906598446,0.6296178606936361,COMPLETE
9,0.4024689509417686,2026-03-01 15:30:31.744010,2026-03-01 15:30:32.763545,0 days 00:00:01.019535,0.8550229885420852,0.026946865572417687,3,72,1010,31,0.0006812233896860299,3.53875886477924,0.8918424713352255,COMPLETE
10,0.38325940039743767,2026-03-01 15:30:32.765048,2026-03-01 15:30:34.044706,0 days 00:00:01.279658,0.9892151043078499,0.06254517730997457,-1,197,1429,90,1.7329963039072036e-06,0.313569713135636,0.876098829427658,COMPLETE
11,0.4108710271574928,2026-03-01 15:30:34.046709,2026-03-01 15:30:34.389728,0 days 00:00:00.343019,0.7191917946438386,0.09743998503699917,12,160,206,225,0.9734543617417944,0.0019882577736144275,0.6082728941092255,COMPLETE
12,0.40580593231177814,2026-03-01 15:30:34.391730,2026-03-01 15:30:34.836729,0 days 00:00:00.444999,0.8510571781023799,0.09273742526491577,12,135,215,239,9.677504937531828e-05,0.17800247617519108,0.7097939893129923,COMPLETE
13,0.4157354616652741,2026-03-01 15:30:34.837730,2026-03-01 15:30:35.298961,0 days 00:00:00.461231,0.6966219731921359,0.0373476908381969,3,177,428,108,0.9730783291998828,0.04016279039622342,0.6102197979242173,COMPLETE
14,0.4126850207038921,2026-03-01 15:30:35.299962,2026-03-01 15:30:35.697970,0 days 00:00:00.398008,0.6777843590423243,0.032415911280978475,2,200,461,99,2.063060103137592e-06,0.03980364072244555,0.8042199344989954,COMPLETE
15,0.4083040149215876,2026-03-01 15:30:35.698971,2026-03-01 15:30:36.192048,0 days 00:00:00.493077,0.6828578440873861,0.04356247910267818,3,195,494,102,0.012537384182301799,0.02103820019888075,0.828509978737356,COMPLETE
16,0.4145258393533092,2026-03-01 15:30:36.194050,2026-03-01 15:30:36.652743,0 days 00:00:00.458693,0.6708597643548979,0.034956562948776235,3,102,414,91,1.1997072580708852e-06,0.04495955821726333,0.7884203507888449,COMPLETE
17,0.4190398212432421,2026-03-01 15:30:36.653743,2026-03-01 15:30:37.240990,0 days 00:00:00.587247,0.6437202714845036,0.0163977938931661,4,106,395,70,0.00022277458722324956,0.06273563767832326,0.9981339086826629,COMPLETE
18,0.41899821007286747,2026-03-01 15:30:37.241990,2026-03-01 15:30:37.808695,0 days 00:00:00.566705,0.6019857593991905,0.0172828436673649,5,115,421,60,0.00024875274958536023,0.005703168090022516,0.9770889248403614,COMPLETE
19,0.42093061995069164,2026-03-01 15:30:37.809695,2026-03-01 15:30:38.319889,0 days 00:00:00.510194,0.6052940851842044,0.01587739603007602,5,109,342,64,0.00023068143158644908,0.005485643579745974,0.9994363422578473,COMPLETE
20,0.39345953791281396,2026-03-01 15:30:38.320891,2026-03-01 15:30:40.491807,0 days 00:00:02.170916,0.6400403363366974,0.016809659745140638,9,97,1264,65,0.0003076418564771891,0.0011129709953152695,0.9381671884732354,COMPLETE
21,0.41996013268843047,2026-03-01 15:30:40.493809,2026-03-01 15:30:41.317984,0 days 00:00:00.824175,0.6012691469432376,0.016929446015777474,5,122,347,60,0.00015098581212275201,0.005586739485260807,0.9969564728619202,COMPLETE
22,0.4184037197558476,2026-03-01 15:30:41.318985,2026-03-01 15:30:41.886755,0 days 00:00:00.567770,0.6336382022920815,0.016834838671132814,5,124,307,64,8.566740780465977e-05,0.006291077802441769,0.9460904442613728,COMPLETE
23,0.4188255795020043,2026-03-01 15:30:41.887757,2026-03-01 15:30:42.590749,0 days 00:00:00.702992,0.6007201101931151,0.011705861061818286,4,84,566,52,0.003746313539361675,0.10288794335939705,0.9989588246820749,COMPLETE
24,0.41537314515512136,2026-03-01 15:30:42.591750,2026-03-01 15:30:43.121909,0 days 00:00:00.530159,0.6496768194846455,0.014335524658755528,7,134,319,81,5.851309551624728e-06,0.005805617316540586,0.9381148293984726,COMPLETE
25,0.41367707735885373,2026-03-01 15:30:43.122909,2026-03-01 15:30:43.680096,0 days 00:00:00.557187,0.7170854336427618,0.020227804619466723,6,92,322,123,0.00013712931467028578,0.0027669190031710113,0.8876118400228676,COMPLETE
26,0.4185575148632177,2026-03-01 15:30:43.681097,2026-03-01 15:30:44.444144,0 days 00:00:00.763047,0.6506090757484941,0.01000785526655113,4,118,536,21,0.0008679756274292729,0.25955688426718987,0.9580494401332936,COMPLETE
27,0.41833256880468495,2026-03-01 15:30:44.445145,2026-03-01 15:30:45.044977,0 days 00:00:00.599832,0.809542997295991,0.013959172355136579,8,140,339,120,3.753928177739421e-05,0.0010313654795161948,0.9190440178254244,COMPLETE
28,0.40207803540822706,2026-03-01 15:30:45.045980,2026-03-01 15:30:46.342789,0 days 00:00:01.296809,0.6488593978389137,0.01905067545341399,4,81,795,45,0.015425838650937782,0.009672069331276956,0.8411677898070413,COMPLETE
29,0.38034871459258857,2026-03-01 15:30:46.343790,2026-03-01 15:30:47.340135,0 days 00:00:00.996345,0.6138862512034575,0.05159863363720195,7,112,664,76,0.0027448922553603306,0.0769213124640229,0.9696117548043555,COMPLETE
30,0.41637820141139426,2026-03-01 15:30:47.341136,2026-03-01 15:30:47.867875,0 days 00:00:00.526739,0.7163199061684711,0.013468112037963184,2,63,630,75,0.00041818647567452583,0.026403868145073627,0.9024784796313964,COMPLETE
31,0.4185664013773847,2026-03-01 15:30:47.869877,2026-03-01 15:30:48.432666,0 days 00:00:00.562789,0.6019308996008963,0.018499395656997944,5,109,399,62,0.00016804539057673498,0.004753756933563442,0.978317806849178,COMPLETE
32,0.41536886106173043,2026-03-01 15:30:48.433667,2026-03-01 15:30:49.254716,0 days 00:00:00.821049,0.6284212659977582,0.015912618697718626,6,124,510,51,0.0002747154057570566,0.008904321849951987,0.9995804411309954,COMPLETE
33,0.4192359834150425,2026-03-01 15:30:49.256719,2026-03-01 15:30:49.645152,0 days 00:00:00.388433,0.6010066415298214,0.011627095189858064,4,147,285,49,0.0014051034453267503,0.0031350003349719553,0.9666196432035387,COMPLETE
34,0.41882084082688686,2026-03-01 15:30:49.647154,2026-03-01 15:30:50.023743,0 days 00:00:00.376589,0.657659105738177,0.012180805694654455,4,149,271,17,0.0014972469314594341,0.002211898274636059,0.9235823237186894,COMPLETE
35,0.4169263675046963,2026-03-01 15:30:50.024743,2026-03-01 15:30:50.398660,0 days 00:00:00.373917,0.6249293251655477,0.022188890528381574,2,142,371,41,0.009322662253184807,0.7344908405757323,0.9596045666365352,COMPLETE
36,0.4020817772390524,2026-03-01 15:30:50.399661,2026-03-01 15:30:51.260733,0 days 00:00:00.861072,0.9414705414003753,0.029457751858933522,6,175,743,121,3.952400151530994e-05,0.014022509056028058,0.8640845674725929,COMPLETE
37,0.4211776837392593,2026-03-01 15:30:51.261733,2026-03-01 15:30:51.786929,0 days 00:00:00.525196,0.6247718623007441,0.01086208223959739,8,90,261,80,0.001844715781291022,0.004069437944255428,0.9994337414416075,COMPLETE
38,0.4171053218323518,2026-03-01 15:30:51.788931,2026-03-01 15:30:52.349140,0 days 00:00:00.560209,0.6925307329522107,0.011486594974412765,10,90,259,163,0.0019325507270325953,0.003579896798842488,0.965696346142458,COMPLETE
39,0.41983951302483824,2026-03-01 15:30:52.351141,2026-03-01 15:30:52.980875,0 days 00:00:00.629734,0.6239972553496644,0.010253345713508171,7,61,260,85,0.006848734883521858,0.0017896749017441125,0.9208829365504431,COMPLETE
40,0.4015395014881314,2026-03-01 15:30:52.980875,2026-03-01 15:30:54.407837,0 days 00:00:01.426962,0.7534027568593455,0.010307390794938157,8,56,606,86,0.03294653429659968,0.0013569567798471759,0.9203738695923096,COMPLETE
41,0.40581946183163187,2026-03-01 15:30:54.408838,2026-03-01 15:30:55.174796,0 days 00:00:00.765958,0.6170021499327202,0.011938370260509172,7,31,272,37,0.006375059689944635,0.001876291483777301,0.9488694428911969,COMPLETE
42,0.3987296237798922,2026-03-01 15:30:55.175798,2026-03-01 15:30:57.122913,0 days 00:00:01.947115,0.6645432701217177,0.014396640890763838,8,69,908,53,0.0010083406796553187,0.007781917907697985,0.9805414869430407,COMPLETE
43,0.4181228157031615,2026-03-01 15:30:57.124915,2026-03-01 15:30:57.559974,0 days 00:00:00.435059,0.6256547521756373,0.012643395855745653,10,82,201,29,0.0005954434810529699,0.0039049802510675346,0.984814753379669,COMPLETE
44,0.4169002539387804,2026-03-01 15:30:57.561976,2026-03-01 15:30:58.155689,0 days 00:00:00.593713,0.7879220753500439,0.010106785118539453,9,126,357,110,0.027783782286433627,0.0016632563806644209,0.9074458951845016,COMPLETE
45,0.36602666031069386,2026-03-01 15:30:58.156690,2026-03-01 15:31:01.106996,0 days 00:00:02.950306,0.6184195037418699,0.02273520378263639,7,17,1183,208,0.006463524848083478,0.014883159639484783,0.9342165406586401,COMPLETE
46,0.4080108798079841,2026-03-01 15:31:01.107997,2026-03-01 15:31:01.641773,0 days 00:00:00.533776,0.7024963283313003,0.014994715948489584,6,53,261,93,0.0023002507370177396,0.0028857422108479547,0.9669748035562067,COMPLETE
47,0.4054646658109684,2026-03-01 15:31:01.642775,2026-03-01 15:31:02.441834,0 days 00:00:00.799059,0.6027895348712864,0.011156482972233045,5,36,470,82,0.0005420764886182939,0.025279029030692873,0.6699338467842406,COMPLETE
48,0.41154798045628593,2026-03-01 15:31:02.443835,2026-03-01 15:31:03.057686,0 days 00:00:00.613851,0.8300295282705031,0.013107684869077723,11,77,258,162,5.4628077203318126e-05,0.004152453341754333,0.9544306726147472,COMPLETE
49,0.40654183541818434,2026-03-01 15:31:03.058687,2026-03-01 15:31:03.858744,0 days 00:00:00.800057,0.6638921732182886,0.027023126190714775,8,100,444,53,0.0011679356912940783,0.011415706375733149,0.6923545999675519,COMPLETE
50,0.42562627936254777,2026-03-01 15:31:03.859745,2026-03-01 15:31:04.179094,0 days 00:00:00.319349,0.8803553179428978,0.07489649630975952,1,152,364,143,1.1755770560414569e-05,0.002384549675513559,0.7590055391421855,COMPLETE
51,0.4035684420054365,2026-03-01 15:31:04.180096,2026-03-01 15:31:04.654761,0 days 00:00:00.474665,0.9120331063064226,0.07055275698433607,-1,152,358,134,7.064574361902091e-06,0.0021951305509808334,0.776465180969528,COMPLETE
52,0.4286966927453677,2026-03-01 15:31:04.655764,2026-03-01 15:31:04.954094,0 days 00:00:00.298330,0.8675895853007553,0.0823810416595733,1,166,288,108,1.023990707943145e-05,0.0014799331283343751,0.771374783352428,COMPLETE
53,0.4240694197735076,2026-03-01 15:31:04.955097,2026-03-01 15:31:05.230130,0 days 00:00:00.275033,0.8760139087847869,0.08423386870786423,1,168,244,146,2.0437389392484448e-05,0.0013229710346263144,0.7529576578909397,COMPLETE
54,0.4313311875811471,2026-03-01 15:31:05.231131,2026-03-01 15:31:05.506935,0 days 00:00:00.275804,0.8769191409008772,0.13383652751626823,1,166,201,151,1.4318668338967284e-05,0.0012677085328873313,0.7399296108449724,COMPLETE
55,0.4288223451872969,2026-03-01 15:31:05.508938,2026-03-01 15:31:05.753709,0 days 00:00:00.244771,0.8811902297630007,0.19792642765375842,1,171,218,150,9.744587872828905e-06,0.001146232060338275,0.7492272993300662,COMPLETE
56,0.4305052167206174,2026-03-01 15:31:05.754710,2026-03-01 15:31:05.997068,0 days 00:00:00.242358,0.8761245706647983,0.19964852013169015,1,169,217,150,7.2917928199430065e-06,0.0013771544071616891,0.7441515326972272,COMPLETE
57,0.4280265389332111,2026-03-01 15:31:05.998070,2026-03-01 15:31:06.260914,0 days 00:00:00.262844,0.875427361216954,0.1860641379686879,1,171,247,149,1.6703104963081032e-05,0.0012700491946123263,0.7512409620313609,COMPLETE
58,0.39374019713434605,2026-03-01 15:31:06.261916,2026-03-01 15:31:06.608896,0 days 00:00:00.346980,0.885752764947037,0.19249121126456203,0,185,225,161,6.827954298675256e-06,0.0010118436294922135,0.7328633430973847,COMPLETE
59,0.42292838618708267,2026-03-01 15:31:06.609898,2026-03-01 15:31:06.847733,0 days 00:00:00.237835,0.9260804446910308,0.1371124203314104,1,188,209,176,3.2926980549263963e-06,0.0013686237898963747,0.7569072960468198,COMPLETE
